Arguments: 
  S:\Program Files\nodejs\node.exe S:\Program Files (x86)\Yarn\bin\yarn.js test

PATH: 
  S:\ProgramData\DockerDesktop\version-bin;S:\Program Files\Docker\Docker\Resources\bin;S:/Users/Diego/AppData/Roaming/Composer/vendor/bin;S:\ProgramData\ComposerSetup\bin;S:\WINDOWS\system32;S:\WINDOWS;S:\WINDOWS\System32\Wbem;S:\WINDOWS\System32\WindowsPowerShell\v1.0\;S:\Program Files (x86)\GtkSharp\2.12\bin;S:\Program Files\Microsoft SQL Server\130\Tools\Binn\;S:\Program Files\dotnet\;S:\Program Files\Git\cmd;S:\Users\Diego\AppData\Roaming\nvm;S:\Program Files\nodejs;S:\Program Files (x86)\Yarn\bin\;C:\wamp64\bin\php\php7.1.9;;S:\WINDOWS\System32\OpenSSH\;C:\Ruby24-x64\bin;S:\Users\Diego\AppData\Roaming\Composer\vendor\bin;S:\Users\Diego\AppData\Local\atom\bin;S:\Users\Diego\AppData\Local\Microsoft\WindowsApps;S:\Users\Diego\AppData\Roaming\npm;S:\Users\Diego\AppData\Local\GitHubDesktop\bin;C:\androidSDk;C:\Gradle\gradle-4.1\bin;S:\Program Files (x86)\Java\jdk1.8.0_131\bin;S:\Users\Diego\AppData\Local\Microsoft\WindowsApps;C:\Downloads\curl-7.58.0-win64-mingw\bin;S:\Users\Diego\AppData\Roaming\nvm;S:\Program Files\nodejs;S:\Users\Diego\AppData\Local\Yarn\bin;;C:\Microsoft VS Code\vscode\bin

Yarn version: 
  1.5.1

Node version: 
  8.9.4

Platform: 
  win32 x64

npm manifest: 
  {
    "name": "easy-db",
    "version": "0.0.0",
    "description": "A micro framework for working with database in node",
    "main": "index.js",
    "scripts": {
      "test": "jest",
      "commit": "git-cz"
    },
    "keywords": [
      "node",
      "mysql"
    ],
    "author": "Diego Matias de Oliveira (contato@diegomatias.com.br)",
    "license": "ISC",
    "dependencies": {
      "commitizen": "^3.0.5",
      "dotenv": "^6.2.0",
      "jest": "^23.6.0",
      "mysql": "^2.16.0",
      "ts-loader": "^5.3.2",
      "typescript": "^3.2.2"
    },
    "devDependencies": {
      "@types/dotenv": "^6.1.0",
      "@types/jest": "^23.3.10",
      "@types/moment": "^2.13.0",
      "@types/mysql": "^2.15.5",
      "cz-conventional-changelog": "^2.1.0",
      "ts-jest": "^23.10.5"
    },
    "config": {
      "commitizen": {
        "path": "./node_modules/cz-conventional-changelog"
      }
    }
  }

yarn manifest: 
  No manifest

Lockfile: 
  No lockfile

Trace: 
  Error: Command failed.
  Exit code: 1
  Command: S:\WINDOWS\system32\cmd.exe
  Arguments: /d /s /c jest
  Directory: C:\Documents\Projetos\easy-db
  Output:
  
      at ProcessTermError.MessageError (S:\Program Files (x86)\Yarn\lib\cli.js:186:110)
      at new ProcessTermError (S:\Program Files (x86)\Yarn\lib\cli.js:226:113)
      at ChildProcess.<anonymous> (S:\Program Files (x86)\Yarn\lib\cli.js:30281:17)
      at emitTwo (events.js:126:13)
      at ChildProcess.emit (events.js:214:7)
      at maybeClose (internal/child_process.js:925:16)
      at Process.ChildProcess._handle.onexit (internal/child_process.js:209:5)
